#
# A fatal error has been detected by the Java Runtime Environment:
#
#  EXCEPTION_ACCESS_VIOLATION (0xc0000005) at pc=0x000000005a105ab8, pid=3900, tid=0x0000000000001254
#
# JRE version: OpenJDK Runtime Environment (8.0_242-b01) (build 1.8.0_242-release-1644-b01)
# Java VM: OpenJDK 64-Bit Server VM (25.242-b01 mixed mode windows-amd64 compressed oops)
# Problematic frame:
# V  [jvm.dll+0x115ab8]
#
# Failed to write core dump. Minidumps are not enabled by default on client versions of Windows
#
# If you would like to submit a bug report, please visit:
#   
#

---------------  T H R E A D  ---------------

Current thread (0x0000000002747800):  GCTaskThread [stack: 0x00000000122b0000,0x00000000123b0000] [id=4692]

siginfo: ExceptionCode=0xc0000005, reading address 0xffffffffffffffff

Registers:
RAX=0x0000000012cb0000, RBX=0x0000000000001ea3, RCX=0x0000000000000000, RDX=0x0000000000000000
RSP=0x00000000123af570, RBP=0x0000000002825730, RSI=0x0000000086176730, RDI=0x0000000000000001
R8 =0x007fffffffc00000, R9 =0x0000000002825730, R10=0x0000000000001ecc, R11=0x0000000086176750
R12=0x000000008617673c, R13=0x0000000000000049, R14=0x0000000086176608, R15=0x0000000000000049
RIP=0x000000005a105ab8, EFLAGS=0x0000000000010246

Top of Stack: (sp=0x00000000123af570)
0x00000000123af570:   00000000186bc6a0 000000005a0df9d6
0x00000000123af580:   0000000086176608 0000000086176604
0x00000000123af590:   0000000002825730 000000005a105bd3
0x00000000123af5a0:   0000000000000000 00000000000003d8
0x00000000123af5b0:   00000000027483b8 00000000179256f0
0x00000000123af5c0:   0000000000001ea3 000000005a3b9af0
0x00000000123af5d0:   0000000002825730 0000000002743360
0x00000000123af5e0:   0000000002747fe0 0000000002747fe0
0x00000000123af5f0:   0000000000000000 03030000fffffcff
0x00000000123af600:   0303030303030303 0000030303030303
0x00000000123af610:   0000000000000000 000000002100e000
0x00000000123af620:   0000000002747f01 0000000002747f01
0x00000000123af630:   0000d7ba250d4ea2 00000000027483b8
0x00000000123af640:   0000000002747fe0 00000000000003d8
0x00000000123af650:   0000000002747fe0 0000000002743360
0x00000000123af660:   0000000002747fd0 00000000179256f0 

Instructions: (pc=0x000000005a105ab8)
0x000000005a105a98:   05 93 95 6b 00 49 c1 e8 03 49 d3 e8 41 0f b6 c0
0x000000005a105aa8:   49 c1 e8 06 24 3f 0f b6 d0 48 8b 05 a8 95 6b 00
0x000000005a105ab8:   4a 8b 0c c0 48 0f a3 d1 72 3e 48 8b cf e8 36 1d
0x000000005a105ac8:   fd ff 84 c0 74 32 48 8b d7 48 8b cd e8 f7 dd fc 


Register to memory mapping:

RAX=0x0000000012cb0000 is an unknown value
RBX=0x0000000000001ea3 is an unknown value
RCX=0x0000000000000000 is an unknown value
RDX=0x0000000000000000 is an unknown value
RSP=0x00000000123af570 is an unknown value
RBP=0x0000000002825730 is an unknown value
RSI=0x0000000086176730 is pointing into object: 0x0000000086176608
[Ljava.lang.Object; 
 - klass: 'java/lang/Object'[]
 - length: 73
RDI=0x0000000000000001 is an unknown value
R8 =0x007fffffffc00000 is an unknown value
R9 =0x0000000002825730 is an unknown value
R10=0x0000000000001ecc is an unknown value
R11=0x0000000086176750 is an oop
com.android.tools.r8.r.n.P 
 - klass: 'com/android/tools/r8/r/n/P'
R12=0x000000008617673c is pointing into object: 0x0000000086176608
[Ljava.lang.Object; 
 - klass: 'java/lang/Object'[]
 - length: 73
R13=0x0000000000000049 is an unknown value
R14=0x0000000086176608 is an oop
[Ljava.lang.Object; 
 - klass: 'java/lang/Object'[]
 - length: 73
R15=0x0000000000000049 is an unknown value


Stack: [0x00000000122b0000,0x00000000123b0000],  sp=0x00000000123af570,  free space=1021k
Native frames: (J=compiled Java code, j=interpreted, Vv=VM code, C=native code)
V  [jvm.dll+0x115ab8]
V  [jvm.dll+0x3c9af0]
V  [jvm.dll+0x3c6a93]
V  [jvm.dll+0x3c482e]
V  [jvm.dll+0x27276a]
C  [msvcr100.dll+0x21d9f]
C  [msvcr100.dll+0x21e3b]
C  [KERNEL32.DLL+0x17c24]
C  [ntdll.dll+0x6d4d1]


---------------  P R O C E S S  ---------------

Java Threads: ( => current thread )
  0x000000002100d800 JavaThread "stdout" [_thread_in_native, id=15312, stack(0x0000000029da0000,0x0000000029ea0000)]
  0x000000002100b000 JavaThread "stderr" [_thread_in_native, id=10892, stack(0x0000000029ca0000,0x0000000029da0000)]
  0x000000002100a800 JavaThread "pool-4-thread-1" [_thread_blocked, id=5248, stack(0x0000000029ba0000,0x0000000029ca0000)]
  0x0000000021011000 JavaThread "WorkerExecutor Queue Thread 2" [_thread_blocked, id=15404, stack(0x0000000029aa0000,0x0000000029ba0000)]
  0x0000000021010800 JavaThread "WorkerExecutor Queue" [_thread_blocked, id=6256, stack(0x00000000290b0000,0x00000000291b0000)]
  0x000000002100f800 JavaThread "Cache worker for execution history cache (D:\Android\usedado\.gradle\6.1.1\executionHistory)" [_thread_blocked, id=3640, stack(0x0000000028b50000,0x0000000028c50000)]
  0x000000002100c000 JavaThread "Execution worker for ':' Thread 11" [_thread_blocked, id=6584, stack(0x0000000028780000,0x0000000028880000)]
  0x000000002100e000 JavaThread "Execution worker for ':' Thread 10" [_thread_blocked, id=6984, stack(0x0000000028680000,0x0000000028780000)]
  0x000000001f66f800 JavaThread "Execution worker for ':' Thread 9" [_thread_blocked, id=4404, stack(0x0000000028580000,0x0000000028680000)]
  0x000000001f66d000 JavaThread "Execution worker for ':' Thread 8" [_thread_blocked, id=6488, stack(0x0000000028380000,0x0000000028480000)]
  0x000000001f66e800 JavaThread "Execution worker for ':' Thread 7" [_thread_blocked, id=10252, stack(0x0000000027b80000,0x0000000027c80000)]
  0x000000001f66e000 JavaThread "Execution worker for ':' Thread 6" [_thread_blocked, id=16004, stack(0x0000000027980000,0x0000000027a80000)]
  0x000000001f665800 JavaThread "Execution worker for ':' Thread 5" [_thread_blocked, id=6552, stack(0x0000000027680000,0x0000000027780000)]
  0x000000001f663800 JavaThread "Execution worker for ':' Thread 4" [_thread_blocked, id=9484, stack(0x0000000027580000,0x0000000027680000)]
  0x000000001f66a000 JavaThread "Execution worker for ':' Thread 3" [_thread_blocked, id=13860, stack(0x0000000027480000,0x0000000027580000)]
  0x000000001f662800 JavaThread "Execution worker for ':' Thread 2" [_thread_blocked, id=9648, stack(0x0000000027380000,0x0000000027480000)]
  0x000000001f669800 JavaThread "Execution worker for ':'" [_thread_blocked, id=1920, stack(0x0000000027280000,0x0000000027380000)]
  0x000000001f668800 JavaThread "Cache worker for file content cache (D:\Android\usedado\.gradle\6.1.1\fileContent)" [_thread_blocked, id=4704, stack(0x0000000027180000,0x0000000027280000)]
  0x000000001f664000 JavaThread "Cache worker for Build Output Cleanup Cache (D:\Android\usedado\.gradle\buildOutputCleanup)" [_thread_blocked, id=17152, stack(0x0000000027080000,0x0000000027180000)]
  0x000000001f665000 JavaThread "Build operations Thread 12" [_thread_blocked, id=14052, stack(0x0000000026f80000,0x0000000027080000)]
  0x000000001f662000 JavaThread "Build operations Thread 11" [_thread_blocked, id=5544, stack(0x0000000026e80000,0x0000000026f80000)]
  0x000000001f661000 JavaThread "Build operations Thread 10" [_thread_blocked, id=15152, stack(0x0000000026300000,0x0000000026400000)]
  0x000000001f666800 JavaThread "Build operations Thread 9" [_thread_blocked, id=5348, stack(0x00000000247b0000,0x00000000248b0000)]
  0x000000001f668000 JavaThread "Build operations Thread 8" [_thread_blocked, id=15776, stack(0x00000000240b0000,0x00000000241b0000)]
  0x0000000022cba800 JavaThread "Build operations Thread 7" [_thread_blocked, id=14548, stack(0x0000000023fb0000,0x00000000240b0000)]
  0x0000000022cb8000 JavaThread "Build operations Thread 6" [_thread_blocked, id=15008, stack(0x0000000023eb0000,0x0000000023fb0000)]
  0x0000000022cb9800 JavaThread "Build operations Thread 5" [_thread_blocked, id=16200, stack(0x0000000023db0000,0x0000000023eb0000)]
  0x0000000022cbd800 JavaThread "Build operations Thread 4" [_thread_blocked, id=16588, stack(0x0000000023cb0000,0x0000000023db0000)]
  0x0000000022cb7800 JavaThread "Build operations Thread 3" [_thread_blocked, id=11416, stack(0x0000000023bb0000,0x0000000023cb0000)]
  0x0000000022cbc000 JavaThread "Build operations Thread 2" [_thread_blocked, id=3904, stack(0x0000000023ab0000,0x0000000023bb0000)]
  0x0000000022cbc800 JavaThread "Build operations" [_thread_blocked, id=3344, stack(0x00000000239b0000,0x0000000023ab0000)]
  0x0000000022cb9000 JavaThread "Cache worker for cache directory md-rule (C:\Users\tobib\.gradle\caches\6.1.1\md-rule)" [_thread_blocked, id=12272, stack(0x00000000238b0000,0x00000000239b0000)]
  0x0000000022caf800 JavaThread "Cache worker for cache directory md-supplier (C:\Users\tobib\.gradle\caches\6.1.1\md-supplier)" [_thread_blocked, id=4920, stack(0x00000000237b0000,0x00000000238b0000)]
  0x0000000022cb3800 JavaThread "Cache worker for file hash cache (D:\Android\usedado\.gradle\6.1.1\fileHashes)" [_thread_blocked, id=14576, stack(0x00000000236b0000,0x00000000237b0000)]
  0x0000000022cb2000 JavaThread "Cache worker for checksums cache (D:\Android\usedado\.gradle\checksums)" [_thread_blocked, id=5200, stack(0x0000000022140000,0x0000000022240000)]
  0x0000000022cb6800 JavaThread "Thread-59" [_thread_blocked, id=4400, stack(0x0000000021740000,0x0000000021840000)]
  0x0000000022cb1000 JavaThread "Stdin handler" [_thread_blocked, id=16072, stack(0x0000000021640000,0x0000000021740000)]
  0x0000000022cb6000 JavaThread "Asynchronous log dispatcher for DefaultDaemonConnection: socket connection from /127.0.0.1:51571 to /127.0.0.1:51863" [_thread_blocked, id=5464, stack(0x0000000021140000,0x0000000021240000)]
  0x0000000022cb4800 JavaThread "Cancel handler" [_thread_blocked, id=15748, stack(0x0000000021040000,0x0000000021140000)]
  0x0000000022cb3000 JavaThread "Handler for socket connection from /127.0.0.1:51571 to /127.0.0.1:51863" [_thread_in_native, id=17300, stack(0x000000001e8a0000,0x000000001e9a0000)]
  0x0000000022cb5000 JavaThread "ForkJoinPool.commonPool-worker-3" daemon [_thread_blocked, id=10096, stack(0x000000002aa30000,0x000000002ab30000)]
  0x0000000022cb0800 JavaThread "ForkJoinPool.commonPool-worker-10" daemon [_thread_blocked, id=15192, stack(0x000000002a700000,0x000000002a800000)]
  0x0000000022cae000 JavaThread "ForkJoinPool.commonPool-worker-1" daemon [_thread_blocked, id=12676, stack(0x000000002a600000,0x000000002a700000)]
  0x0000000022266800 JavaThread "ForkJoinPool.commonPool-worker-15" daemon [_thread_blocked, id=596, stack(0x000000002a0d0000,0x000000002a1d0000)]
  0x000000002229c800 JavaThread "ForkJoinPool.commonPool-worker-11" daemon [_thread_blocked, id=6492, stack(0x0000000028480000,0x0000000028580000)]
  0x000000002229b800 JavaThread "ForkJoinPool.commonPool-worker-9" daemon [_thread_blocked, id=1560, stack(0x0000000028280000,0x0000000028380000)]
  0x000000002100f000 JavaThread "Cache worker for Java compile cache (C:\Users\tobib\.gradle\caches\6.1.1\javaCompile)" [_thread_blocked, id=10996, stack(0x0000000027a80000,0x0000000027b80000)]
  0x000000001f66b800 JavaThread "Cache worker for file content cache (C:\Users\tobib\.gradle\caches\6.1.1\fileContent)" [_thread_blocked, id=7376, stack(0x0000000026200000,0x0000000026300000)]
  0x000000001f66c800 JavaThread "Memory manager" [_thread_blocked, id=10560, stack(0x00000000250b0000,0x00000000251b0000)]
  0x000000001cde1800 JavaThread "Cache worker for execution history cache (C:\Users\tobib\.gradle\caches\6.1.1\executionHistory)" [_thread_blocked, id=1120, stack(0x0000000021840000,0x0000000021940000)]
  0x000000001cddc000 JavaThread "Cache worker for file hash cache (C:\Users\tobib\.gradle\caches\6.1.1\fileHashes)" [_thread_blocked, id=4060, stack(0x000000001eda0000,0x000000001eea0000)]
  0x000000001cb8e800 JavaThread "File lock request listener" [_thread_in_native, id=3828, stack(0x000000001eca0000,0x000000001eda0000)]
  0x000000001ce14800 JavaThread "Cache worker for journal cache (C:\Users\tobib\.gradle\caches\journal-1)" [_thread_blocked, id=15204, stack(0x000000001eba0000,0x000000001eca0000)]
  0x000000001ca98800 JavaThread "Daemon worker" [_thread_blocked, id=7816, stack(0x000000001e5a0000,0x000000001e6a0000)]
  0x000000001ca75000 JavaThread "Daemon" [_thread_blocked, id=13748, stack(0x000000001dfa0000,0x000000001e0a0000)]
  0x000000001c9f5000 JavaThread "Daemon periodic checks" [_thread_blocked, id=16176, stack(0x000000001dea0000,0x000000001dfa0000)]
  0x000000001c9f4000 JavaThread "Incoming local TCP Connector on port 51571" [_thread_in_native, id=15520, stack(0x000000001dc30000,0x000000001dd30000)]
  0x000000001c94f800 JavaThread "Daemon health stats" [_thread_blocked, id=9760, stack(0x000000001d5f0000,0x000000001d6f0000)]
  0x00000000191e0000 JavaThread "Service Thread" daemon [_thread_blocked, id=11072, stack(0x000000001ac50000,0x000000001ad50000)]
  0x00000000191d5000 JavaThread "C1 CompilerThread3" daemon [_thread_blocked, id=8504, stack(0x000000001ab50000,0x000000001ac50000)]
  0x00000000191d0800 JavaThread "C2 CompilerThread2" daemon [_thread_in_native, id=5196, stack(0x000000001aa50000,0x000000001ab50000)]
  0x00000000191cb800 JavaThread "C2 CompilerThread1" daemon [_thread_blocked, id=7164, stack(0x000000001a950000,0x000000001aa50000)]
  0x00000000191c4800 JavaThread "C2 CompilerThread0" daemon [_thread_blocked, id=4492, stack(0x000000001a850000,0x000000001a950000)]
  0x00000000191c1000 JavaThread "Attach Listener" daemon [_thread_blocked, id=11844, stack(0x000000001a750000,0x000000001a850000)]
  0x00000000191c0000 JavaThread "Signal Dispatcher" daemon [_thread_blocked, id=8104, stack(0x000000001a650000,0x000000001a750000)]
  0x000000000282a000 JavaThread "Finalizer" daemon [_thread_blocked, id=15524, stack(0x000000001a420000,0x000000001a520000)]
  0x0000000017a9c800 JavaThread "Reference Handler" daemon [_thread_blocked, id=15632, stack(0x000000001a320000,0x000000001a420000)]
  0x0000000002732800 JavaThread "main" [_thread_blocked, id=9056, stack(0x0000000002630000,0x0000000002730000)]

Other Threads:
  0x0000000017a95800 VMThread [stack: 0x000000001a220000,0x000000001a320000] [id=8560]
  0x00000000191e2000 WatcherThread [stack: 0x000000001ad50000,0x000000001ae50000] [id=14708]

=>0x0000000002747800 (exited) GCTaskThread [stack: 0x00000000122b0000,0x00000000123b0000] [id=4692]

VM state:at safepoint (normal execution)

VM Mutex/Monitor currently owned by a thread:  ([mutex/lock_event])
[0x000000000087d770] Threads_lock - owner thread: 0x0000000017a95800
[0x000000000087d170] Heap_lock - owner thread: 0x000000002100e000

heap address: 0x0000000080000000, size: 2048 MB, Compressed Oops mode: 32-bit
Narrow klass base: 0x0000000000000000, Narrow klass shift: 3
Compressed class space size: 1073741824 Address: 0x0000000100000000

Heap:
 PSYoungGen      total 453632K, used 9634K [0x00000000d5580000, 0x00000000fa800000, 0x0000000100000000)
  eden space 396800K, 0% used [0x00000000d5580000,0x00000000d5580000,0x00000000ed900000)
  from space 56832K, 16% used [0x00000000ed900000,0x00000000ee268920,0x00000000f1080000)
  to   space 55808K, 0% used [0x00000000f7180000,0x00000000f7180000,0x00000000fa800000)
 ParOldGen       total 195072K, used 163520K [0x0000000080000000, 0x000000008be80000, 0x00000000d5580000)
  object space 195072K, 83% used [0x0000000080000000,0x0000000089fb0248,0x000000008be80000)
 Metaspace       used 90347K, capacity 95654K, committed 95912K, reserved 1132544K
  class space    used 12171K, capacity 13135K, committed 13232K, reserved 1048576K

Card table byte_map: [0x0000000011bf0000,0x0000000012000000] byte_map_base: 0x00000000117f0000

Marking Bits: (ParMarkBitMap*) 0x000000005a7bf030
 Begin Bits: [0x0000000012cb0000, 0x0000000014cb0000)
 End Bits:   [0x0000000014cb0000, 0x0000000016cb0000)

Polling page: 0x00000000008a0000

CodeCache: size=245760Kb used=41259Kb max_used=41259Kb free=204500Kb
 bounds [0x0000000002830000, 0x00000000050b0000, 0x0000000011830000]
 total_blobs=13405 nmethods=12530 adapters=787
 compilation: enabled

Compilation events (10 events):
Event: 51.737 Thread 0x00000000191d5000 nmethod 15016 0x000000000509bc50 code [0x000000000509bf20, 0x000000000509d308]
Event: 51.737 Thread 0x00000000191d5000 15025       3       com.android.tools.r8.v.a.a.a.f.K::e (60 bytes)
Event: 51.738 Thread 0x00000000191d5000 nmethod 15025 0x000000000509d950 code [0x000000000509dae0, 0x000000000509e130]
Event: 51.738 Thread 0x00000000191d5000 15011 %     3       com.android.tools.r8.ir.regalloc.a::e @ 36 (65 bytes)
Event: 51.739 Thread 0x00000000191d5000 nmethod 15011% 0x000000000509e2d0 code [0x000000000509e4c0, 0x000000000509ed58]
Event: 51.739 Thread 0x00000000191d5000 15022       3       com.android.tools.r8.graph.r::b (108 bytes)
Event: 51.739 Thread 0x00000000191d5000 nmethod 15022 0x000000000509f010 code [0x000000000509f260, 0x00000000050a0008]
Event: 51.740 Thread 0x00000000191d5000 15020       3       com.android.tools.r8.ir.optimize.g::a (219 bytes)
Event: 51.741 Thread 0x00000000191d5000 nmethod 15020 0x00000000050a0410 code [0x00000000050a0700, 0x00000000050a1968]
Event: 51.741 Thread 0x00000000191d5000 15028       3       com.android.tools.r8.ir.regalloc.a::a (3993 bytes)

GC Heap History (10 events):
Event: 15.936 GC heap after
Heap after GC invocations=16 (full 3):
 PSYoungGen      total 285696K, used 20779K [0x00000000d5580000, 0x00000000ec100000, 0x0000000100000000)
  eden space 256000K, 0% used [0x00000000d5580000,0x00000000d5580000,0x00000000e4f80000)
  from space 29696K, 69% used [0x00000000e4f80000,0x00000000e63cafd8,0x00000000e6c80000)
  to   space 30208K, 0% used [0x00000000ea380000,0x00000000ea380000,0x00000000ec100000)
 ParOldGen       total 195072K, used 65701K [0x0000000080000000, 0x000000008be80000, 0x00000000d5580000)
  object space 195072K, 33% used [0x0000000080000000,0x00000000840294f0,0x000000008be80000)
 Metaspace       used 84911K, capacity 89762K, committed 90024K, reserved 1126400K
  class space    used 11778K, capacity 12685K, committed 12720K, reserved 1048576K
}
Event: 50.296 GC heap before
{Heap before GC invocations=17 (full 3):
 PSYoungGen      total 285696K, used 276779K [0x00000000d5580000, 0x00000000ec100000, 0x0000000100000000)
  eden space 256000K, 100% used [0x00000000d5580000,0x00000000e4f80000,0x00000000e4f80000)
  from space 29696K, 69% used [0x00000000e4f80000,0x00000000e63cafd8,0x00000000e6c80000)
  to   space 30208K, 0% used [0x00000000ea380000,0x00000000ea380000,0x00000000ec100000)
 ParOldGen       total 195072K, used 65701K [0x0000000080000000, 0x000000008be80000, 0x00000000d5580000)
  object space 195072K, 33% used [0x0000000080000000,0x00000000840294f0,0x000000008be80000)
 Metaspace       used 89212K, capacity 94368K, committed 94504K, reserved 1130496K
  class space    used 12100K, capacity 13038K, committed 13104K, reserved 1048576K
Event: 50.313 GC heap after
Heap after GC invocations=17 (full 3):
 PSYoungGen      total 329216K, used 26685K [0x00000000d5580000, 0x00000000ebe00000, 0x0000000100000000)
  eden space 302080K, 0% used [0x00000000d5580000,0x00000000d5580000,0x00000000e7c80000)
  from space 27136K, 98% used [0x00000000ea380000,0x00000000ebd8f420,0x00000000ebe00000)
  to   space 33280K, 0% used [0x00000000e7d00000,0x00000000e7d00000,0x00000000e9d80000)
 ParOldGen       total 195072K, used 65709K [0x0000000080000000, 0x000000008be80000, 0x00000000d5580000)
  object space 195072K, 33% used [0x0000000080000000,0x000000008402b4f0,0x000000008be80000)
 Metaspace       used 89212K, capacity 94368K, committed 94504K, reserved 1130496K
  class space    used 12100K, capacity 13038K, committed 13104K, reserved 1048576K
}
Event: 50.642 GC heap before
{Heap before GC invocations=18 (full 3):
 PSYoungGen      total 329216K, used 328765K [0x00000000d5580000, 0x00000000ebe00000, 0x0000000100000000)
  eden space 302080K, 100% used [0x00000000d5580000,0x00000000e7c80000,0x00000000e7c80000)
  from space 27136K, 98% used [0x00000000ea380000,0x00000000ebd8f420,0x00000000ebe00000)
  to   space 33280K, 0% used [0x00000000e7d00000,0x00000000e7d00000,0x00000000e9d80000)
 ParOldGen       total 195072K, used 65709K [0x0000000080000000, 0x000000008be80000, 0x00000000d5580000)
  object space 195072K, 33% used [0x0000000080000000,0x000000008402b4f0,0x000000008be80000)
 Metaspace       used 89897K, capacity 95142K, committed 95400K, reserved 1132544K
  class space    used 12157K, capacity 13123K, committed 13232K, reserved 1048576K
Event: 50.684 GC heap after
Heap after GC invocations=18 (full 3):
 PSYoungGen      total 335872K, used 33276K [0x00000000d5580000, 0x00000000f4500000, 0x0000000100000000)
  eden space 302592K, 0% used [0x00000000d5580000,0x00000000d5580000,0x00000000e7d00000)
  from space 33280K, 99% used [0x00000000e7d00000,0x00000000e9d7f000,0x00000000e9d80000)
  to   space 53760K, 0% used [0x00000000f1080000,0x00000000f1080000,0x00000000f4500000)
 ParOldGen       total 195072K, used 108711K [0x0000000080000000, 0x000000008be80000, 0x00000000d5580000)
  object space 195072K, 55% used [0x0000000080000000,0x0000000086a29e00,0x000000008be80000)
 Metaspace       used 89897K, capacity 95142K, committed 95400K, reserved 1132544K
  class space    used 12157K, capacity 13123K, committed 13232K, reserved 1048576K
}
Event: 51.166 GC heap before
{Heap before GC invocations=19 (full 3):
 PSYoungGen      total 335872K, used 335868K [0x00000000d5580000, 0x00000000f4500000, 0x0000000100000000)
  eden space 302592K, 100% used [0x00000000d5580000,0x00000000e7d00000,0x00000000e7d00000)
  from space 33280K, 99% used [0x00000000e7d00000,0x00000000e9d7f000,0x00000000e9d80000)
  to   space 53760K, 0% used [0x00000000f1080000,0x00000000f1080000,0x00000000f4500000)
 ParOldGen       total 195072K, used 108711K [0x0000000080000000, 0x000000008be80000, 0x00000000d5580000)
  object space 195072K, 55% used [0x0000000080000000,0x0000000086a29e00,0x000000008be80000)
 Metaspace       used 90166K, capacity 95382K, committed 95656K, reserved 1132544K
  class space    used 12169K, capacity 13133K, committed 13232K, reserved 1048576K
Event: 51.212 GC heap after
Heap after GC invocations=19 (full 3):
 PSYoungGen      total 450560K, used 38153K [0x00000000d5580000, 0x00000000f5780000, 0x0000000100000000)
  eden space 396800K, 0% used [0x00000000d5580000,0x00000000d5580000,0x00000000ed900000)
  from space 53760K, 70% used [0x00000000f1080000,0x00000000f35c27d8,0x00000000f4500000)
  to   space 56832K, 0% used [0x00000000ed900000,0x00000000ed900000,0x00000000f1080000)
 ParOldGen       total 195072K, used 127443K [0x0000000080000000, 0x000000008be80000, 0x00000000d5580000)
  object space 195072K, 65% used [0x0000000080000000,0x0000000087c74f28,0x000000008be80000)
 Metaspace       used 90166K, capacity 95382K, committed 95656K, reserved 1132544K
  class space    used 12169K, capacity 13133K, committed 13232K, reserved 1048576K
}
Event: 51.831 GC heap before
{Heap before GC invocations=20 (full 3):
 PSYoungGen      total 450560K, used 434953K [0x00000000d5580000, 0x00000000f5780000, 0x0000000100000000)
  eden space 396800K, 100% used [0x00000000d5580000,0x00000000ed900000,0x00000000ed900000)
  from space 53760K, 70% used [0x00000000f1080000,0x00000000f35c27d8,0x00000000f4500000)
  to   space 56832K, 0% used [0x00000000ed900000,0x00000000ed900000,0x00000000f1080000)
 ParOldGen       total 195072K, used 127443K [0x0000000080000000, 0x000000008be80000, 0x00000000d5580000)
  object space 195072K, 65% used [0x0000000080000000,0x0000000087c74f28,0x000000008be80000)
 Metaspace       used 90347K, capacity 95654K, committed 95912K, reserved 1132544K
  class space    used 12171K, capacity 13135K, committed 13232K, reserved 1048576K
Event: 51.881 GC heap after
Heap after GC invocations=20 (full 3):
 PSYoungGen      total 453632K, used 9634K [0x00000000d5580000, 0x00000000fa800000, 0x0000000100000000)
  eden space 396800K, 0% used [0x00000000d5580000,0x00000000d5580000,0x00000000ed900000)
  from space 56832K, 16% used [0x00000000ed900000,0x00000000ee268920,0x00000000f1080000)
  to   space 55808K, 0% used [0x00000000f7180000,0x00000000f7180000,0x00000000fa800000)
 ParOldGen       total 195072K, used 163520K [0x0000000080000000, 0x000000008be80000, 0x00000000d5580000)
  object space 195072K, 83% used [0x0000000080000000,0x0000000089fb0248,0x000000008be80000)
 Metaspace       used 90347K, capacity 95654K, committed 95912K, reserved 1132544K
  class space    used 12171K, capacity 13135K, committed 13232K, reserved 1048576K
}
Event: 51.881 GC heap before
{Heap before GC invocations=21 (full 4):
 PSYoungGen      total 453632K, used 9634K [0x00000000d5580000, 0x00000000fa800000, 0x0000000100000000)
  eden space 396800K, 0% used [0x00000000d5580000,0x00000000d5580000,0x00000000ed900000)
  from space 56832K, 16% used [0x00000000ed900000,0x00000000ee268920,0x00000000f1080000)
  to   space 55808K, 0% used [0x00000000f7180000,0x00000000f7180000,0x00000000fa800000)
 ParOldGen       total 195072K, used 163520K [0x0000000080000000, 0x000000008be80000, 0x00000000d5580000)
  object space 195072K, 83% used [0x0000000080000000,0x0000000089fb0248,0x000000008be80000)
 Metaspace       used 90347K, capacity 95654K, committed 95912K, reserved 1132544K
  class space    used 12171K, capacity 13135K, committed 13232K, reserved 1048576K

Deoptimization events (10 events):
Event: 50.870 Thread 0x000000001f66e800 Uncommon trap: reason=unstable_if action=reinterpret pc=0x000000000345919c method=java.util.HashMap.putVal(ILjava/lang/Object;Ljava/lang/Object;ZZ)Ljava/lang/Object; @ 109
Event: 50.870 Thread 0x000000001f66e800 Uncommon trap: reason=unstable_if action=reinterpret pc=0x000000000337747c method=java.util.HashMap.getNode(ILjava/lang/Object;)Ljava/util/HashMap$Node; @ 84
Event: 50.888 Thread 0x000000001f669800 Uncommon trap: reason=unstable_if action=reinterpret pc=0x00000000045582e4 method=com.android.tools.r8.graph.e0.a([C)I @ 44
Event: 51.222 Thread 0x000000001ca98800 Uncommon trap: reason=unstable_if action=reinterpret pc=0x0000000004da868c method=com.android.tools.r8.ir.regalloc.b.c(I)Lcom/android/tools/r8/ir/regalloc/b; @ 132
Event: 51.323 Thread 0x000000001ca98800 Uncommon trap: reason=array_check action=maybe_recompile pc=0x0000000004a44fec method=java.util.TimSort.reverseRange([Ljava/lang/Object;II)V @ 27
Event: 51.336 Thread 0x000000001ca98800 Uncommon trap: reason=array_check action=maybe_recompile pc=0x0000000004a44fec method=java.util.TimSort.reverseRange([Ljava/lang/Object;II)V @ 27
Event: 51.439 Thread 0x000000002100c000 Uncommon trap: reason=predicate action=maybe_recompile pc=0x0000000004ef7fe4 method=com.android.tools.r8.B.a.a.f.a(Lcom/android/tools/r8/B/a/a/h;[Lcom/android/tools/r8/B/a/a/d;I)V @ 1342
Event: 51.443 Thread 0x000000002100c000 Uncommon trap: reason=unstable_if action=reinterpret pc=0x0000000004dad034 method=java.util.concurrent.ConcurrentHashMap.putVal(Ljava/lang/Object;Ljava/lang/Object;Z)Ljava/lang/Object; @ 152
Event: 51.702 Thread 0x000000001f66e800 Uncommon trap: reason=unstable_if action=reinterpret pc=0x0000000004128594 method=com.android.tools.r8.ir.regalloc.h.a(ILcom/android/tools/r8/ir/regalloc/h$a;)Z @ 73
Event: 51.798 Thread 0x000000001f66d000 Uncommon trap: reason=uninitialized action=reinterpret pc=0x0000000004664be0 method=com.android.tools.r8.graph.h0.a(Lcom/android/tools/r8/graph/f0;)Lcom/android/tools/r8/graph/h0; @ 127

Classes redefined (0 events):
No events

Internal exceptions (10 events):
Event: 50.291 Thread 0x000000001f66a000 Exception <a 'sun/nio/fs/WindowsException'> (0x00000000e4c9cfc0) thrown at [C:\src\AOSP-openjdk-git\hotspot\src\share\vm\prims\jni.cpp, line 710]
Event: 50.294 Thread 0x000000001f665800 Exception <a 'sun/nio/fs/WindowsException'> (0x00000000e4e08d20) thrown at [C:\src\AOSP-openjdk-git\hotspot\src\share\vm\prims\jni.cpp, line 710]
Event: 50.346 Thread 0x000000001ca98800 Exception <a 'sun/nio/fs/WindowsException'> (0x00000000d6b58540) thrown at [C:\src\AOSP-openjdk-git\hotspot\src\share\vm\prims\jni.cpp, line 710]
Event: 50.390 Thread 0x000000001f66e800 Exception <a 'sun/nio/fs/WindowsException'> (0x00000000d8c75a10) thrown at [C:\src\AOSP-openjdk-git\hotspot\src\share\vm\prims\jni.cpp, line 710]
Event: 50.406 Thread 0x000000002100e000 Exception <a 'sun/nio/fs/WindowsException'> (0x00000000d9e157a0) thrown at [C:\src\AOSP-openjdk-git\hotspot\src\share\vm\prims\jni.cpp, line 710]
Event: 50.424 Thread 0x000000001f66e000 Exception <a 'sun/nio/fs/WindowsException'> (0x00000000d98e14c8) thrown at [C:\src\AOSP-openjdk-git\hotspot\src\share\vm\prims\jni.cpp, line 710]
Event: 50.457 Thread 0x000000001f669800 Exception <a 'sun/nio/fs/WindowsException'> (0x00000000dcabc898) thrown at [C:\src\AOSP-openjdk-git\hotspot\src\share\vm\prims\jni.cpp, line 710]
Event: 50.561 Thread 0x000000001f663800 Exception <a 'sun/nio/fs/WindowsException'> (0x00000000e316b9c0) thrown at [C:\src\AOSP-openjdk-git\hotspot\src\share\vm\prims\jni.cpp, line 710]
Event: 50.612 Thread 0x000000001f66f800 Exception <a 'sun/nio/fs/WindowsException'> (0x00000000e5ee33b8) thrown at [C:\src\AOSP-openjdk-git\hotspot\src\share\vm\prims\jni.cpp, line 710]
Event: 50.988 Thread 0x000000002100c000 Exception <a 'sun/nio/fs/WindowsException'> (0x00000000e1125438) thrown at [C:\src\AOSP-openjdk-git\hotspot\src\share\vm\prims\jni.cpp, line 710]

Events (10 events):
Event: 51.798 Thread 0x000000001f66d000 Uncommon trap: trap_request=0xffffffb5 fr.pc=0x0000000004664be0
Event: 51.798 Thread 0x000000001f66d000 DEOPT PACKING pc=0x0000000004664be0 sp=0x000000002847a630
Event: 51.798 Thread 0x000000001f66d000 DEOPT UNPACKING pc=0x000000000287557b sp=0x000000002847a5d8 mode 2
Event: 51.804 Thread 0x000000001f66f800 DEOPT PACKING pc=0x0000000004fe9a1d sp=0x0000000028679f60
Event: 51.804 Thread 0x000000001f66f800 DEOPT UNPACKING pc=0x00000000028771d0 sp=0x000000002867a030 mode 0
Event: 51.817 Thread 0x000000001f663800 DEOPT PACKING pc=0x0000000004ba6bd1 sp=0x00000000276799a0
Event: 51.817 Thread 0x000000001f663800 DEOPT UNPACKING pc=0x00000000028771d0 sp=0x0000000027679980 mode 0
Event: 51.829 Thread 0x000000001f66f800 DEOPT PACKING pc=0x0000000004fe9ba5 sp=0x0000000028679f60
Event: 51.829 Thread 0x000000001f66f800 DEOPT UNPACKING pc=0x00000000028771d0 sp=0x000000002867a030 mode 0
Event: 51.829 Executing VM operation: ParallelGCFailedAllocation


Dynamic libraries:
0x00007ff642a30000 - 0x00007ff642a61000 	C:\Program Files\Android\Android Studio1\jre\bin\java.exe
0x00007ffc701c0000 - 0x00007ffc703b0000 	C:\WINDOWS\SYSTEM32\ntdll.dll
0x00007ffc6e270000 - 0x00007ffc6e322000 	C:\WINDOWS\System32\KERNEL32.DLL
0x00007ffc6dbb0000 - 0x00007ffc6de55000 	C:\WINDOWS\System32\KERNELBASE.dll
0x00007ffc6f910000 - 0x00007ffc6f9b3000 	C:\WINDOWS\System32\ADVAPI32.dll
0x00007ffc6f5f0000 - 0x00007ffc6f68e000 	C:\WINDOWS\System32\msvcrt.dll
0x00007ffc6e890000 - 0x00007ffc6e927000 	C:\WINDOWS\System32\sechost.dll
0x00007ffc6f2b0000 - 0x00007ffc6f3d0000 	C:\WINDOWS\System32\RPCRT4.dll
0x00007ffc6e4e0000 - 0x00007ffc6e674000 	C:\WINDOWS\System32\USER32.dll
0x00007ffc6da90000 - 0x00007ffc6dab1000 	C:\WINDOWS\System32\win32u.dll
0x00007ffc6f860000 - 0x00007ffc6f886000 	C:\WINDOWS\System32\GDI32.dll
0x00007ffc6df30000 - 0x00007ffc6e0c6000 	C:\WINDOWS\System32\gdi32full.dll
0x00007ffc6de60000 - 0x00007ffc6defe000 	C:\WINDOWS\System32\msvcp_win.dll
0x00007ffc6d8c0000 - 0x00007ffc6d9ba000 	C:\WINDOWS\System32\ucrtbase.dll
0x00007ffc593a0000 - 0x00007ffc59624000 	C:\WINDOWS\WinSxS\amd64_microsoft.windows.common-controls_6595b64144ccf1df_6.0.18362.1256_none_9e7e379be45e40e2\COMCTL32.dll
0x00007ffc6ea80000 - 0x00007ffc6edb6000 	C:\WINDOWS\System32\combase.dll
0x00007ffc6db20000 - 0x00007ffc6dba1000 	C:\WINDOWS\System32\bcryptPrimitives.dll
0x00007ffc6e750000 - 0x00007ffc6e77e000 	C:\WINDOWS\System32\IMM32.DLL
0x000000005bee0000 - 0x000000005bfb2000 	C:\Program Files\Android\Android Studio1\jre\jre\bin\msvcr100.dll
0x0000000059ff0000 - 0x000000005a83b000 	C:\Program Files\Android\Android Studio1\jre\jre\bin\server\jvm.dll
0x00007ffc6f690000 - 0x00007ffc6f698000 	C:\WINDOWS\System32\PSAPI.DLL
0x00007ffc52670000 - 0x00007ffc52679000 	C:\WINDOWS\SYSTEM32\WSOCK32.dll
0x00007ffc65cf0000 - 0x00007ffc65cfa000 	C:\WINDOWS\SYSTEM32\VERSION.dll
0x00007ffc69cc0000 - 0x00007ffc69ce4000 	C:\WINDOWS\SYSTEM32\WINMM.dll
0x00007ffc6f3d0000 - 0x00007ffc6f43f000 	C:\WINDOWS\System32\WS2_32.dll
0x00007ffc69c90000 - 0x00007ffc69cbd000 	C:\WINDOWS\SYSTEM32\winmmbase.dll
0x00007ffc6e220000 - 0x00007ffc6e26a000 	C:\WINDOWS\System32\cfgmgr32.dll
0x00007ffc525f0000 - 0x00007ffc525ff000 	C:\Program Files\Android\Android Studio1\jre\jre\bin\verify.dll
0x00007ffc4de90000 - 0x00007ffc4deb9000 	C:\Program Files\Android\Android Studio1\jre\jre\bin\java.dll
0x00007ffc4fba0000 - 0x00007ffc4fbb6000 	C:\Program Files\Android\Android Studio1\jre\jre\bin\zip.dll
0x00007ffc6f9c0000 - 0x00007ffc700a7000 	C:\WINDOWS\System32\SHELL32.dll
0x00007ffc6e780000 - 0x00007ffc6e829000 	C:\WINDOWS\System32\shcore.dll
0x00007ffc6d130000 - 0x00007ffc6d8b1000 	C:\WINDOWS\System32\windows.storage.dll
0x00007ffc6d100000 - 0x00007ffc6d123000 	C:\WINDOWS\System32\profapi.dll
0x00007ffc6d090000 - 0x00007ffc6d0da000 	C:\WINDOWS\System32\powrprof.dll
0x00007ffc6d060000 - 0x00007ffc6d070000 	C:\WINDOWS\System32\UMPDC.dll
0x00007ffc6e330000 - 0x00007ffc6e382000 	C:\WINDOWS\System32\shlwapi.dll
0x00007ffc6d070000 - 0x00007ffc6d081000 	C:\WINDOWS\System32\kernel.appcore.dll
0x00007ffc6da70000 - 0x00007ffc6da87000 	C:\WINDOWS\System32\cryptsp.dll
0x00007ffc4de70000 - 0x00007ffc4de8a000 	C:\Program Files\Android\Android Studio1\jre\jre\bin\net.dll
0x00007ffc6c8b0000 - 0x00007ffc6c917000 	C:\WINDOWS\system32\mswsock.dll
0x00007ffc4f270000 - 0x00007ffc4f283000 	C:\Program Files\Android\Android Studio1\jre\jre\bin\nio.dll
0x00007ffc52560000 - 0x00007ffc52586000 	C:\Users\tobib\.gradle\native\31\windows-amd64\native-platform.dll
0x00007ffc525e0000 - 0x00007ffc525ed000 	C:\Program Files\Android\Android Studio1\jre\jre\bin\management.dll
0x00007ffc6c420000 - 0x00007ffc6c453000 	C:\WINDOWS\system32\rsaenh.dll
0x00007ffc6df00000 - 0x00007ffc6df26000 	C:\WINDOWS\System32\bcrypt.dll
0x00007ffc6cf80000 - 0x00007ffc6cfa5000 	C:\WINDOWS\SYSTEM32\USERENV.dll
0x00007ffc6ca80000 - 0x00007ffc6ca8c000 	C:\WINDOWS\SYSTEM32\CRYPTBASE.dll
0x00007ffc6c5c0000 - 0x00007ffc6c5fa000 	C:\WINDOWS\SYSTEM32\IPHLPAPI.DLL
0x00007ffc6edc0000 - 0x00007ffc6edc8000 	C:\WINDOWS\System32\NSI.dll
0x00007ffc65d50000 - 0x00007ffc65d66000 	C:\WINDOWS\SYSTEM32\dhcpcsvc6.DLL
0x00007ffc65ff0000 - 0x00007ffc6600c000 	C:\WINDOWS\SYSTEM32\dhcpcsvc.DLL
0x00007ffc6c600000 - 0x00007ffc6c6cb000 	C:\WINDOWS\SYSTEM32\DNSAPI.dll
0x00007ffc66d90000 - 0x00007ffc66f84000 	C:\WINDOWS\SYSTEM32\dbghelp.dll

VM Arguments:
jvm_args: -Xmx2048m -Dfile.encoding=windows-1252 -Duser.country=AT -Duser.language=de -Duser.variant 
java_command: org.gradle.launcher.daemon.bootstrap.GradleDaemon 6.1.1
java_class_path (initial): C:\Users\tobib\.gradle\wrapper\dists\gradle-6.1.1-all\cfmwm155h49vnt3hynmlrsdst\gradle-6.1.1\lib\gradle-launcher-6.1.1.jar
Launcher Type: SUN_STANDARD

Environment Variables:
PATH=C:\Program Files\Common Files\Oracle\Java\javapath;C:\Program Files (x86)\Common Files\Intel\Shared Libraries\redist\intel64\compiler;C:\Program Files (x86)\Common Files\Oracle\Java\javapath;C:\Windows\system32;C:\Windows;C:\Windows\System32\Wbem;C:\Windows\System32\WindowsPowerShell\v1.0\;C:\Windows\System32\OpenSSH\;C:\Program Files\dotnet\;C:\Program Files\Microsoft SQL Server\130\Tools\Binn\;C:\Program Files (x86)\NVIDIA Corporation\PhysX\Common;C:\Program Files (x86)\Windows Live\Shared;C:\WINDOWS\system32;C:\WINDOWS;C:\WINDOWS\System32\Wbem;C:\WINDOWS\System32\WindowsPowerShell\v1.0\;C:\WINDOWS\System32\OpenSSH\;C:\Program Files (x86)\Microsoft SQL Server\150\DTS\Binn\;C:\Program Files\Git\cmd;C:\Program Files\TortoiseGit\bin;C:\Program Files\nodejs\;D:\Python\Scripts\;D:\Python\;C:\Users\tobib\AppData\Local\Microsoft\WindowsApps;C:\Program Files (x86)\Nmap;C:\Users\tobib\AppData\Local\GitHubDesktop\bin;C:\Users\tobib\AppData\Local\Programs\MiKTeX 2.9\miktex\bin\x64\;C:\Users\tobib\AppData\Local\Microsoft\WindowsApps;C:\Users\tobib\AppData\Local\atom\bin;C:\Users\tobib\AppData\Roaming\npm
USERNAME=tobib
OS=Windows_NT
PROCESSOR_IDENTIFIER=AMD64 Family 23 Model 8 Stepping 2, AuthenticAMD



---------------  S Y S T E M  ---------------

OS: Windows 10.0 , 64 bit Build 18362 (10.0.18362.1110)

CPU:total 12 (initial active 12) (12 cores per cpu, 1 threads per core) family 23 model 8 stepping 2, cmov, cx8, fxsr, mmx, sse, sse2, sse3, ssse3, sse4.1, sse4.2, popcnt, avx, avx2, aes, clmul, mmxext, 3dnowpref, lzcnt, sse4a, tsc, tscinvbit, tscinv, bmi1

Memory: 4k page, physical 16708416k(4532892k free), swap 28767040k(9131192k free)

vm_info: OpenJDK 64-Bit Server VM (25.242-b01) for windows-amd64 JRE (1.8.0_242-release-1644-b01), built by "builder" with MS VC++ 10.0 (VS2010)

time: Mon Dec 21 16:17:23 2020
timezone: Mitteleuropäische Zeit
elapsed time: 51 seconds (0d 0h 0m 51s)

